app/build/intermediates/manifest_merge_blame_file/release/manifest-merger-blame-release-report.txt
1<?xml version="1.0" encoding="utf-8"?>
2<manifest xmlns:android="http://schemas.android.com/apk/res/android"
3    package="com.example.h.baidu_vocal"
4    android:versionCode="1"
5    android:versionName="1.0" >
6
7    <uses-sdk
8        android:minSdkVersion="19"
8-->src\main\AndroidManifest.xml
9        android:targetSdkVersion="30" />
9-->src\main\AndroidManifest.xml
10
11    <uses-permission android:name="android.permission.BLUETOOTH" />
11-->src\main\AndroidManifest.xml:4:5-68
11-->src\main\AndroidManifest.xml:4:22-65
12    <uses-permission android:name="android.permission.BLUETOOTH_ADMIN" />
12-->src\main\AndroidManifest.xml:5:5-74
12-->src\main\AndroidManifest.xml:5:22-71
13    <uses-permission android:name="android.permission.RECORD_AUDIO" />
13-->src\main\AndroidManifest.xml:6:5-70
13-->src\main\AndroidManifest.xml:6:22-68
14    <uses-permission android:name="android.permission.READ_EXTERNAL_STORAGE" />
14-->src\main\AndroidManifest.xml:7:5-79
14-->src\main\AndroidManifest.xml:7:22-77
15    <uses-permission android:name="android.permission.ACCESS_NETWORK_STATE" />
15-->[:core] AndroidManifest.xml:10:5-79
15-->[:core] AndroidManifest.xml:10:22-76
16    <uses-permission android:name="android.permission.INTERNET" />
16-->[:core] AndroidManifest.xml:11:5-67
16-->[:core] AndroidManifest.xml:11:22-64
17    <uses-permission android:name="android.permission.WRITE_EXTERNAL_STORAGE" /> <!-- 蓝牙录音使用，不需要可以去除 -->
17-->[:core] AndroidManifest.xml:12:5-81
17-->[:core] AndroidManifest.xml:12:22-78
18    <uses-permission android:name="android.permission.BROADCAST_STICKY" />
18-->[:core] AndroidManifest.xml:15:5-75
18-->[:core] AndroidManifest.xml:15:22-72
19    <uses-permission android:name="android.permission.MODIFY_AUDIO_SETTINGS" />
19-->[:core] AndroidManifest.xml:17:5-80
19-->[:core] AndroidManifest.xml:17:22-77
20
21    <application
21-->src\main\AndroidManifest.xml:8:5-34:19
22        android:allowBackup="true"
22-->src\main\AndroidManifest.xml:9:9-35
23        android:appComponentFactory="androidx.core.app.CoreComponentFactory"
23-->[androidx.core:core:1.3.0] AndroidManifest.xml:24:18-86
24        android:icon="@mipmap/ic_launcher"
24-->src\main\AndroidManifest.xml:10:9-43
25        android:label="@string/app_name"
25-->src\main\AndroidManifest.xml:11:9-41
26        android:roundIcon="@mipmap/ic_launcher_round"
26-->src\main\AndroidManifest.xml:12:9-54
27        android:supportsRtl="true"
27-->src\main\AndroidManifest.xml:13:9-35
28        android:theme="@style/AppTheme" >
28-->src\main\AndroidManifest.xml:14:9-40
29        <activity android:name="com.example.h.baidu_vocal.MainActivity" >
29-->src\main\AndroidManifest.xml:16:9-22:20
29-->src\main\AndroidManifest.xml:16:19-47
30            <intent-filter>
30-->src\main\AndroidManifest.xml:17:13-21:29
31                <action android:name="android.intent.action.MAIN" />
31-->src\main\AndroidManifest.xml:18:17-69
31-->src\main\AndroidManifest.xml:18:25-66
32
33                <category android:name="android.intent.category.LAUNCHER" />
33-->src\main\AndroidManifest.xml:20:17-77
33-->src\main\AndroidManifest.xml:20:27-74
34            </intent-filter>
35        </activity>
36        <activity
36-->src\main\AndroidManifest.xml:23:9-25:58
37            android:name="com.example.h.baidu_vocal.BluetoothDeviceListActivity"
37-->src\main\AndroidManifest.xml:25:13-56
38            android:screenOrientation="landscape" />
38-->src\main\AndroidManifest.xml:24:13-50
39        <activity
39-->src\main\AndroidManifest.xml:26:9-31:20
40            android:name="com.example.h.baidu_vocal.HelpActivity"
40-->src\main\AndroidManifest.xml:27:13-41
41            android:configChanges="orientation|keyboardHidden"
41-->src\main\AndroidManifest.xml:28:13-63
42            android:label="帮助说明"
42-->src\main\AndroidManifest.xml:29:13-33
43            android:theme="@android:style/Theme.Dialog" >
43-->src\main\AndroidManifest.xml:30:13-56
44        </activity>
45        <activity android:name="com.example.h.baidu_vocal.GravityActivity" >
45-->src\main\AndroidManifest.xml:32:9-33:20
45-->src\main\AndroidManifest.xml:32:19-50
46        </activity>
47
48        <meta-data
48-->[:core] AndroidManifest.xml:21:9-23:40
49            android:name="com.baidu.speech.APP_ID"
49-->[:core] AndroidManifest.xml:22:13-51
50            android:value="24123657" />
50-->[:core] AndroidManifest.xml:23:13-37
51        <meta-data
51-->[:core] AndroidManifest.xml:24:9-26:56
52            android:name="com.baidu.speech.API_KEY"
52-->[:core] AndroidManifest.xml:25:13-52
53            android:value="CudQfSGsUNED6r6Hw6qKqrlG" />
53-->[:core] AndroidManifest.xml:26:13-53
54        <meta-data
54-->[:core] AndroidManifest.xml:27:9-29:64
55            android:name="com.baidu.speech.SECRET_KEY"
55-->[:core] AndroidManifest.xml:28:13-55
56            android:value="r0GROnF3YSj9UGztcfAeUB2T9KuWfimw" />
56-->[:core] AndroidManifest.xml:29:13-61
57    </application>
58
59</manifest>